<?xml version="1.0" encoding="utf-8" standalone="no"?>
<!--This file represents the results of running a test suite-->
<test-results name="C:\dojo\svn\2011\20110608 - wordwrap - csharp\wordwrap.dll" total="5" errors="0" failures="0" not-run="0" inconclusive="0" ignored="0" skipped="0" invalid="0" date="2011-06-08" time="20:59:51">
  <environment nunit-version="2.5.10.11092" clr-version="2.0.50727.5653" os-version="Microsoft Windows NT 6.0.6001 Service Pack 1" platform="Win32NT" cwd="C:\dojo\svn\2011\20110608 - wordwrap - csharp" machine-name="PROFESSOR-PC" user="Professor" user-domain="Professor-pc" />
  <culture-info current-culture="pt-BR" current-uiculture="pt-BR" />
  <test-suite type="Assembly" name="C:\dojo\svn\2011\20110608 - wordwrap - csharp\wordwrap.dll" executed="True" result="Success" success="True" time="0.027" asserts="0">
    <results>
      <test-suite type="TestFixture" name="QuebraDeLinhaTestes" executed="True" result="Success" success="True" time="0.023" asserts="0">
        <results>
          <test-case name="QuebraDeLinhaTestes.ao_quebrar_duas_letras_com_uma_coluna_retorna_em_duas_linhas" executed="True" result="Success" success="True" time="0.013" asserts="2" />
          <test-case name="QuebraDeLinhaTestes.ao_quebrar_quatro_letras_com_duas_colunas_retorna_em_duas_linhas" executed="True" result="Success" success="True" time="0.000" asserts="1" />
          <test-case name="QuebraDeLinhaTestes.ao_quebrar_string_vazia_retorna_uma_string_vazia" executed="True" result="Success" success="True" time="0.000" asserts="1" />
          <test-case name="QuebraDeLinhaTestes.ao_quebrar_tres_letras_com_uma_coluna_retorna_em_tres_linhas" executed="True" result="Success" success="True" time="0.001" asserts="1" />
          <test-case name="QuebraDeLinhaTestes.ao_quebrar_uma_letra_retorna_uma_letra" executed="True" result="Success" success="True" time="0.000" asserts="1" />
        </results>
      </test-suite>
    </results>
  </test-suite>
</test-results>