<?xml version="1.0" encoding="utf-8" standalone="no"?>
<!--This file represents the results of running a test suite-->
<test-results name="C:\dojo\svn\2011\20111130 - heap - boo\test.dll" total="9" errors="0" failures="0" not-run="0" inconclusive="0" ignored="0" skipped="0" invalid="0" date="2011-11-30" time="21:20:28">
  <environment nunit-version="2.5.10.11092" clr-version="2.0.50727.5662" os-version="Microsoft Windows NT 6.0.6001 Service Pack 1" platform="Win32NT" cwd="C:\dojo\svn\2011\20111130 - heap - boo" machine-name="PROFESSOR-PC" user="Professor" user-domain="Professor-pc" />
  <culture-info current-culture="pt-BR" current-uiculture="pt-BR" />
  <test-suite type="Assembly" name="C:\dojo\svn\2011\20111130 - heap - boo\test.dll" executed="True" result="Success" success="True" time="0.073" asserts="0">
    <results>
      <test-suite type="TestFixture" name="HeapPopTests" executed="True" result="Success" success="True" time="0.069" asserts="0">
        <results>
          <test-case name="HeapPopTests.pop_heap_com_1_elemento" executed="True" result="Success" success="True" time="0.046" asserts="2" />
          <test-case name="HeapPopTests.pop_heap_com_2_elementos_crescentes" executed="True" result="Success" success="True" time="0.001" asserts="2" />
          <test-case name="HeapPopTests.pop_heap_com_3_elementos_crescentes" executed="True" result="Success" success="True" time="0.002" asserts="2" />
          <test-case name="HeapPopTests.pop_heap_com_3_elementos_nao_crescentes" executed="True" result="Success" success="True" time="0.001" asserts="2" />
          <test-case name="HeapPopTests.pop_heap_com_4_elementos_crescentes" executed="True" result="Success" success="True" time="0.000" asserts="2" />
          <test-case name="HeapPopTests.pop_heap_com_4_elementos_nao_crescentes" executed="True" result="Success" success="True" time="0.000" asserts="2" />
          <test-case name="HeapPopTests.pop_heap_com_4_elementos_nao_crescentes_no_final" executed="True" result="Success" success="True" time="0.001" asserts="2" />
          <test-case name="HeapPopTests.pop_heap_com_5_elementos_crescentes" executed="True" result="Success" success="True" time="0.001" asserts="2" />
          <test-case name="HeapPopTests.pop_heap_vazia" executed="True" result="Success" success="True" time="0.000" asserts="2" />
        </results>
      </test-suite>
    </results>
  </test-suite>
</test-results>