<?xml version="1.0" encoding="utf-8" standalone="no"?>
<!--This file represents the results of running a test suite-->
<test-results name="/home/iparos/dojo-centro/2012/20120208 - sierpinski - boo/siepinski.exe" total="4" errors="0" failures="0" not-run="0" inconclusive="0" ignored="0" skipped="0" invalid="0" date="2012-02-08" time="21:19:44">
  <environment nunit-version="2.5.10.0" clr-version="4.0.30319.1" os-version="Unix 3.0.0.12" platform="Unix" cwd="/home/iparos/dojo-centro/2012/20120208 - sierpinski - boo" machine-name="iparos-OptiPlex-360" user="iparos" user-domain="iparos-OptiPlex-360" />
  <culture-info current-culture="pt-BR" current-uiculture="pt-BR" />
  <test-suite type="Assembly" name="/home/iparos/dojo-centro/2012/20120208 - sierpinski - boo/siepinski.exe" executed="True" result="Success" success="True" time="0.033" asserts="0">
    <results>
      <test-suite type="TestFixture" name="PontoMedioTest" executed="True" result="Success" success="True" time="0.025" asserts="0">
        <results>
          <test-case name="PontoMedioTest.ponto_medio_entre_dois_pontos" executed="True" result="Success" success="True" time="0.013" asserts="1" />
          <test-case name="PontoMedioTest.ponto_medio_entre_dois_pontos2" executed="True" result="Success" success="True" time="0.000" asserts="1" />
          <test-case name="PontoMedioTest.ponto_medio_entre_dois_pontos3" executed="True" result="Success" success="True" time="0.000" asserts="1" />
        </results>
      </test-suite>
      <test-suite type="TestFixture" name="Triangulos" executed="True" result="Success" success="True" time="0.002" asserts="0">
        <results>
          <test-case name="Triangulos.test_tres_primeiros_triangulos" executed="True" result="Success" success="True" time="0.002" asserts="1" />
        </results>
      </test-suite>
    </results>
  </test-suite>
</test-results>